This file contains any messages produced by compilers while
running configure, to aid debugging if configure makes a mistake.

It was created by ddt configure 0.1.5, which was
generated by GNU Autoconf 2.69.  Invocation command line was

  $ ./configure 

## --------- ##
## Platform. ##
## --------- ##

hostname = mint
uname -m = x86_64
uname -r = 3.13.0-24-generic
uname -s = Linux
uname -v = #47-Ubuntu SMP Fri May 2 23:30:00 UTC 2014

/usr/bin/uname -p = unknown
/bin/uname -X     = unknown

/bin/arch              = unknown
/usr/bin/arch -k       = unknown
/usr/convex/getsysinfo = unknown
/usr/bin/hostinfo      = unknown
/bin/machine           = unknown
/usr/bin/oslevel       = unknown
/bin/universe          = unknown

PATH: /usr/local/sbin
PATH: /usr/local/bin
PATH: /usr/sbin
PATH: /usr/bin
PATH: /sbin
PATH: /bin
PATH: /usr/games
PATH: /usr/local/games


## ----------- ##
## Core tests. ##
## ----------- ##

configure:2347: checking for a BSD-compatible install
configure:2415: result: /usr/bin/install -c
configure:2426: checking whether build environment is sane
configure:2476: result: yes
configure:2617: checking for a thread-safe mkdir -p
configure:2656: result: /bin/mkdir -p
configure:2669: checking for gawk
configure:2685: found /usr/bin/gawk
configure:2696: result: gawk
configure:2707: checking whether make sets $(MAKE)
configure:2729: result: yes
configure:2859: checking for gcc
configure:2875: found /usr/bin/gcc
configure:2886: result: gcc
configure:3115: checking for C compiler version
configure:3124: gcc --version >&5
gcc (Ubuntu 4.8.4-2ubuntu1~14.04) 4.8.4
Copyright (C) 2013 Free Software Foundation, Inc.
This is free software; see the source for copying conditions.  There is NO
warranty; not even for MERCHANTABILITY or FITNESS FOR A PARTICULAR PURPOSE.

configure:3135: $? = 0
configure:3124: gcc -v >&5
Using built-in specs.
COLLECT_GCC=gcc
COLLECT_LTO_WRAPPER=/usr/lib/gcc/x86_64-linux-gnu/4.8/lto-wrapper
Target: x86_64-linux-gnu
Configured with: ../src/configure -v --with-pkgversion='Ubuntu 4.8.4-2ubuntu1~14.04' --with-bugurl=file:///usr/share/doc/gcc-4.8/README.Bugs --enable-languages=c,c++,java,go,d,fortran,objc,obj-c++ --prefix=/usr --program-suffix=-4.8 --enable-shared --enable-linker-build-id --libexecdir=/usr/lib --without-included-gettext --enable-threads=posix --with-gxx-include-dir=/usr/include/c++/4.8 --libdir=/usr/lib --enable-nls --with-sysroot=/ --enable-clocale=gnu --enable-libstdcxx-debug --enable-libstdcxx-time=yes --enable-gnu-unique-object --disable-libmudflap --enable-plugin --with-system-zlib --disable-browser-plugin --enable-java-awt=gtk --enable-gtk-cairo --with-java-home=/usr/lib/jvm/java-1.5.0-gcj-4.8-amd64/jre --enable-java-home --with-jvm-root-dir=/usr/lib/jvm/java-1.5.0-gcj-4.8-amd64 --with-jvm-jar-dir=/usr/lib/jvm-exports/java-1.5.0-gcj-4.8-amd64 --with-arch-directory=amd64 --with-ecj-jar=/usr/share/java/eclipse-ecj.jar --enable-objc-gc --enable-multiarch --disable-werror --with-arch-32=i686 --with-abi=m64 --with-multilib-list=m32,m64,mx32 --with-tune=generic --enable-checking=release --build=x86_64-linux-gnu --host=x86_64-linux-gnu --target=x86_64-linux-gnu
Thread model: posix
gcc version 4.8.4 (Ubuntu 4.8.4-2ubuntu1~14.04) 
configure:3135: $? = 0
configure:3124: gcc -V >&5
gcc: error: unrecognized command line option '-V'
gcc: fatal error: no input files
compilation terminated.
configure:3135: $? = 4
configure:3124: gcc -qversion >&5
gcc: error: unrecognized command line option '-qversion'
gcc: fatal error: no input files
compilation terminated.
configure:3135: $? = 4
configure:3155: checking whether the C compiler works
configure:3177: gcc    conftest.c  >&5
configure:3181: $? = 0
configure:3229: result: yes
configure:3232: checking for C compiler default output file name
configure:3234: result: a.out
configure:3240: checking for suffix of executables
configure:3247: gcc -o conftest    conftest.c  >&5
configure:3251: $? = 0
configure:3273: result: 
configure:3295: checking whether we are cross compiling
configure:3303: gcc -o conftest    conftest.c  >&5
configure:3307: $? = 0
configure:3314: ./conftest
configure:3318: $? = 0
configure:3333: result: no
configure:3338: checking for suffix of object files
configure:3360: gcc -c   conftest.c >&5
configure:3364: $? = 0
configure:3385: result: o
configure:3389: checking whether we are using the GNU C compiler
configure:3408: gcc -c   conftest.c >&5
configure:3408: $? = 0
configure:3417: result: yes
configure:3426: checking whether gcc accepts -g
configure:3446: gcc -c -g  conftest.c >&5
configure:3446: $? = 0
configure:3487: result: yes
configure:3504: checking for gcc option to accept ISO C89
configure:3567: gcc  -c -g -O2  conftest.c >&5
configure:3567: $? = 0
configure:3580: result: none needed
configure:3611: checking for style of include used by make
configure:3639: result: GNU
configure:3665: checking dependency style of gcc
configure:3776: result: gcc3
configure:3794: checking for initscr in -lncurses
configure:3819: gcc -o conftest -g -O2   conftest.c -lncurses   >&5
configure:3819: $? = 0
configure:3828: result: yes
configure:3839: checking for sk_disk_open in -latasmart
configure:3864: gcc -o conftest -g -O2   conftest.c -latasmart  -lncurses  >&5
configure:3864: $? = 0
configure:3873: result: yes
configure:3884: checking for sg_get_cpu_stats in -lstatgrab
configure:3909: gcc -o conftest -g -O2   conftest.c -lstatgrab  -latasmart -lncurses  >&5
configure:3909: $? = 0
configure:3918: result: yes
configure:3929: checking for pthread_create in -lpthread
configure:3954: gcc -o conftest -g -O2   conftest.c -lpthread  -lstatgrab -latasmart -lncurses  >&5
configure:3954: $? = 0
configure:3963: result: yes
configure:3980: checking how to run the C preprocessor
configure:4011: gcc -E  conftest.c
configure:4011: $? = 0
configure:4025: gcc -E  conftest.c
conftest.c:15:28: fatal error: ac_nonexistent.h: No such file or directory
 #include <ac_nonexistent.h>
                            ^
compilation terminated.
configure:4025: $? = 1
configure: failed program was:
| /* confdefs.h */
| #define PACKAGE_NAME "ddt"
| #define PACKAGE_TARNAME "ddt"
| #define PACKAGE_VERSION "0.1.5"
| #define PACKAGE_STRING "ddt 0.1.5"
| #define PACKAGE_BUGREPORT "mkotson@gmail.com"
| #define PACKAGE_URL ""
| #define PACKAGE "ddt"
| #define VERSION "0.1.4"
| #define HAVE_LIBNCURSES 1
| #define HAVE_LIBATASMART 1
| #define HAVE_LIBSTATGRAB 1
| #define HAVE_LIBPTHREAD 1
| /* end confdefs.h.  */
| #include <ac_nonexistent.h>
configure:4050: result: gcc -E
configure:4070: gcc -E  conftest.c
configure:4070: $? = 0
configure:4084: gcc -E  conftest.c
conftest.c:15:28: fatal error: ac_nonexistent.h: No such file or directory
 #include <ac_nonexistent.h>
                            ^
compilation terminated.
configure:4084: $? = 1
configure: failed program was:
| /* confdefs.h */
| #define PACKAGE_NAME "ddt"
| #define PACKAGE_TARNAME "ddt"
| #define PACKAGE_VERSION "0.1.5"
| #define PACKAGE_STRING "ddt 0.1.5"
| #define PACKAGE_BUGREPORT "mkotson@gmail.com"
| #define PACKAGE_URL ""
| #define PACKAGE "ddt"
| #define VERSION "0.1.4"
| #define HAVE_LIBNCURSES 1
| #define HAVE_LIBATASMART 1
| #define HAVE_LIBSTATGRAB 1
| #define HAVE_LIBPTHREAD 1
| /* end confdefs.h.  */
| #include <ac_nonexistent.h>
configure:4113: checking for grep that handles long lines and -e
configure:4171: result: /bin/grep
configure:4176: checking for egrep
configure:4238: result: /bin/grep -E
configure:4243: checking for ANSI C header files
configure:4263: gcc -c -g -O2  conftest.c >&5
configure:4263: $? = 0
configure:4336: gcc -o conftest -g -O2   conftest.c -lpthread -lstatgrab -latasmart -lncurses  >&5
configure:4336: $? = 0
configure:4336: ./conftest
configure:4336: $? = 0
configure:4347: result: yes
configure:4360: checking for sys/types.h
configure:4360: gcc -c -g -O2  conftest.c >&5
configure:4360: $? = 0
configure:4360: result: yes
configure:4360: checking for sys/stat.h
configure:4360: gcc -c -g -O2  conftest.c >&5
configure:4360: $? = 0
configure:4360: result: yes
configure:4360: checking for stdlib.h
configure:4360: gcc -c -g -O2  conftest.c >&5
configure:4360: $? = 0
configure:4360: result: yes
configure:4360: checking for string.h
configure:4360: gcc -c -g -O2  conftest.c >&5
configure:4360: $? = 0
configure:4360: result: yes
configure:4360: checking for memory.h
configure:4360: gcc -c -g -O2  conftest.c >&5
configure:4360: $? = 0
configure:4360: result: yes
configure:4360: checking for strings.h
configure:4360: gcc -c -g -O2  conftest.c >&5
configure:4360: $? = 0
configure:4360: result: yes
configure:4360: checking for inttypes.h
configure:4360: gcc -c -g -O2  conftest.c >&5
configure:4360: $? = 0
configure:4360: result: yes
configure:4360: checking for stdint.h
configure:4360: gcc -c -g -O2  conftest.c >&5
configure:4360: $? = 0
configure:4360: result: yes
configure:4360: checking for unistd.h
configure:4360: gcc -c -g -O2  conftest.c >&5
configure:4360: $? = 0
configure:4360: result: yes
configure:4375: checking mntent.h usability
configure:4375: gcc -c -g -O2  conftest.c >&5
configure:4375: $? = 0
configure:4375: result: yes
configure:4375: checking mntent.h presence
configure:4375: gcc -E  conftest.c
configure:4375: $? = 0
configure:4375: result: yes
configure:4375: checking for mntent.h
configure:4375: result: yes
configure:4375: checking for stdlib.h
configure:4375: result: yes
configure:4375: checking for string.h
configure:4375: result: yes
configure:4375: checking sys/vfs.h usability
configure:4375: gcc -c -g -O2  conftest.c >&5
configure:4375: $? = 0
configure:4375: result: yes
configure:4375: checking sys/vfs.h presence
configure:4375: gcc -E  conftest.c
configure:4375: $? = 0
configure:4375: result: yes
configure:4375: checking for sys/vfs.h
configure:4375: result: yes
configure:4375: checking syslog.h usability
configure:4375: gcc -c -g -O2  conftest.c >&5
configure:4375: $? = 0
configure:4375: result: yes
configure:4375: checking syslog.h presence
configure:4375: gcc -E  conftest.c
configure:4375: $? = 0
configure:4375: result: yes
configure:4375: checking for syslog.h
configure:4375: result: yes
configure:4375: checking for unistd.h
configure:4375: result: yes
configure:4387: checking for size_t
configure:4387: gcc -c -g -O2  conftest.c >&5
configure:4387: $? = 0
configure:4387: gcc -c -g -O2  conftest.c >&5
conftest.c: In function 'main':
conftest.c:67:21: error: expected expression before ')' token
 if (sizeof ((size_t)))
                     ^
configure:4387: $? = 1
configure: failed program was:
| /* confdefs.h */
| #define PACKAGE_NAME "ddt"
| #define PACKAGE_TARNAME "ddt"
| #define PACKAGE_VERSION "0.1.5"
| #define PACKAGE_STRING "ddt 0.1.5"
| #define PACKAGE_BUGREPORT "mkotson@gmail.com"
| #define PACKAGE_URL ""
| #define PACKAGE "ddt"
| #define VERSION "0.1.4"
| #define HAVE_LIBNCURSES 1
| #define HAVE_LIBATASMART 1
| #define HAVE_LIBSTATGRAB 1
| #define HAVE_LIBPTHREAD 1
| #define STDC_HEADERS 1
| #define HAVE_SYS_TYPES_H 1
| #define HAVE_SYS_STAT_H 1
| #define HAVE_STDLIB_H 1
| #define HAVE_STRING_H 1
| #define HAVE_MEMORY_H 1
| #define HAVE_STRINGS_H 1
| #define HAVE_INTTYPES_H 1
| #define HAVE_STDINT_H 1
| #define HAVE_UNISTD_H 1
| #define HAVE_MNTENT_H 1
| #define HAVE_STDLIB_H 1
| #define HAVE_STRING_H 1
| #define HAVE_SYS_VFS_H 1
| #define HAVE_SYSLOG_H 1
| #define HAVE_UNISTD_H 1
| /* end confdefs.h.  */
| #include <stdio.h>
| #ifdef HAVE_SYS_TYPES_H
| # include <sys/types.h>
| #endif
| #ifdef HAVE_SYS_STAT_H
| # include <sys/stat.h>
| #endif
| #ifdef STDC_HEADERS
| # include <stdlib.h>
| # include <stddef.h>
| #else
| # ifdef HAVE_STDLIB_H
| #  include <stdlib.h>
| # endif
| #endif
| #ifdef HAVE_STRING_H
| # if !defined STDC_HEADERS && defined HAVE_MEMORY_H
| #  include <memory.h>
| # endif
| # include <string.h>
| #endif
| #ifdef HAVE_STRINGS_H
| # include <strings.h>
| #endif
| #ifdef HAVE_INTTYPES_H
| # include <inttypes.h>
| #endif
| #ifdef HAVE_STDINT_H
| # include <stdint.h>
| #endif
| #ifdef HAVE_UNISTD_H
| # include <unistd.h>
| #endif
| int
| main ()
| {
| if (sizeof ((size_t)))
| 	    return 0;
|   ;
|   return 0;
| }
configure:4387: result: yes
configure:4398: checking for struct stat.st_rdev
configure:4398: gcc -c -g -O2  conftest.c >&5
configure:4398: $? = 0
configure:4398: result: yes
configure:4408: checking for uint64_t
configure:4408: gcc -c -g -O2  conftest.c >&5
configure:4408: $? = 0
configure:4408: result: yes
configure:4426: checking for library containing getmntent
configure:4457: gcc -o conftest -g -O2   conftest.c -lpthread -lstatgrab -latasmart -lncurses  >&5
configure:4457: $? = 0
configure:4474: result: none required
configure:4490: checking for stdlib.h
configure:4490: result: yes
configure:4500: checking for GNU libc compatible malloc
configure:4524: gcc -o conftest -g -O2   conftest.c -lpthread -lstatgrab -latasmart -lncurses  >&5
configure:4524: $? = 0
configure:4524: ./conftest
configure:4524: $? = 0
configure:4534: result: yes
configure:4558: checking for getcwd
configure:4558: gcc -o conftest -g -O2   conftest.c -lpthread -lstatgrab -latasmart -lncurses  >&5
configure:4558: $? = 0
configure:4558: result: yes
configure:4558: checking for getmntent
configure:4558: result: yes
configure:4558: checking for pathconf
configure:4558: gcc -o conftest -g -O2   conftest.c -lpthread -lstatgrab -latasmart -lncurses  >&5
configure:4558: $? = 0
configure:4558: result: yes
configure:4558: checking for strrchr
configure:4558: gcc -o conftest -g -O2   conftest.c -lpthread -lstatgrab -latasmart -lncurses  >&5
conftest.c:61:6: warning: conflicting types for built-in function 'strrchr' [enabled by default]
 char strrchr ();
      ^
configure:4558: $? = 0
configure:4558: result: yes
configure:4700: creating ./config.status

## ---------------------- ##
## Running config.status. ##
## ---------------------- ##

This file was extended by ddt config.status 0.1.5, which was
generated by GNU Autoconf 2.69.  Invocation command line was

  CONFIG_FILES    = 
  CONFIG_HEADERS  = 
  CONFIG_LINKS    = 
  CONFIG_COMMANDS = 
  $ ./config.status 

on mint

config.status:867: creating Makefile
config.status:867: creating src/Makefile
config.status:867: creating config.h
config.status:1048: config.h is unchanged
config.status:1096: executing depfiles commands

## ---------------- ##
## Cache variables. ##
## ---------------- ##

ac_cv_c_compiler_gnu=yes
ac_cv_c_uint64_t=yes
ac_cv_env_CC_set=
ac_cv_env_CC_value=
ac_cv_env_CFLAGS_set=
ac_cv_env_CFLAGS_value=
ac_cv_env_CPPFLAGS_set=
ac_cv_env_CPPFLAGS_value=
ac_cv_env_CPP_set=
ac_cv_env_CPP_value=
ac_cv_env_LDFLAGS_set=
ac_cv_env_LDFLAGS_value=
ac_cv_env_LIBS_set=
ac_cv_env_LIBS_value=
ac_cv_env_build_alias_set=
ac_cv_env_build_alias_value=
ac_cv_env_host_alias_set=
ac_cv_env_host_alias_value=
ac_cv_env_target_alias_set=
ac_cv_env_target_alias_value=
ac_cv_func_getcwd=yes
ac_cv_func_getmntent=yes
ac_cv_func_malloc_0_nonnull=yes
ac_cv_func_pathconf=yes
ac_cv_func_strrchr=yes
ac_cv_header_inttypes_h=yes
ac_cv_header_memory_h=yes
ac_cv_header_mntent_h=yes
ac_cv_header_stdc=yes
ac_cv_header_stdint_h=yes
ac_cv_header_stdlib_h=yes
ac_cv_header_string_h=yes
ac_cv_header_strings_h=yes
ac_cv_header_sys_stat_h=yes
ac_cv_header_sys_types_h=yes
ac_cv_header_sys_vfs_h=yes
ac_cv_header_syslog_h=yes
ac_cv_header_unistd_h=yes
ac_cv_lib_atasmart_sk_disk_open=yes
ac_cv_lib_ncurses_initscr=yes
ac_cv_lib_pthread_pthread_create=yes
ac_cv_lib_statgrab_sg_get_cpu_stats=yes
ac_cv_member_struct_stat_st_rdev=yes
ac_cv_objext=o
ac_cv_path_EGREP='/bin/grep -E'
ac_cv_path_GREP=/bin/grep
ac_cv_path_install='/usr/bin/install -c'
ac_cv_path_mkdir=/bin/mkdir
ac_cv_prog_AWK=gawk
ac_cv_prog_CPP='gcc -E'
ac_cv_prog_ac_ct_CC=gcc
ac_cv_prog_cc_c89=
ac_cv_prog_cc_g=yes
ac_cv_prog_make_make_set=yes
ac_cv_search_getmntent='none required'
ac_cv_type_size_t=yes
am_cv_CC_dependencies_compiler_type=gcc3

## ----------------- ##
## Output variables. ##
## ----------------- ##

ACLOCAL='${SHELL} /home/mkotson/ddt/missing --run aclocal-1.11'
AMDEPBACKSLASH='\'
AMDEP_FALSE='#'
AMDEP_TRUE=''
AMTAR='$${TAR-tar}'
AUTOCONF='${SHELL} /home/mkotson/ddt/missing --run autoconf'
AUTOHEADER='${SHELL} /home/mkotson/ddt/missing --run autoheader'
AUTOMAKE='${SHELL} /home/mkotson/ddt/missing --run automake-1.11'
AWK='gawk'
CC='gcc'
CCDEPMODE='depmode=gcc3'
CFLAGS='-g -O2'
CPP='gcc -E'
CPPFLAGS=''
CYGPATH_W='echo'
DEFS='-DHAVE_CONFIG_H'
DEPDIR='.deps'
ECHO_C=''
ECHO_N='-n'
ECHO_T=''
EGREP='/bin/grep -E'
EXEEXT=''
GREP='/bin/grep'
INSTALL_DATA='${INSTALL} -m 644'
INSTALL_PROGRAM='${INSTALL}'
INSTALL_SCRIPT='${INSTALL}'
INSTALL_STRIP_PROGRAM='$(install_sh) -c -s'
LDFLAGS=''
LIBOBJS=''
LIBS='-lpthread -lstatgrab -latasmart -lncurses '
LTLIBOBJS=''
MAKEINFO='${SHELL} /home/mkotson/ddt/missing --run makeinfo'
MKDIR_P='/bin/mkdir -p'
OBJEXT='o'
PACKAGE='ddt'
PACKAGE_BUGREPORT='mkotson@gmail.com'
PACKAGE_NAME='ddt'
PACKAGE_STRING='ddt 0.1.5'
PACKAGE_TARNAME='ddt'
PACKAGE_URL=''
PACKAGE_VERSION='0.1.5'
PATH_SEPARATOR=':'
SET_MAKE=''
SHELL='/bin/bash'
STRIP=''
VERSION='0.1.4'
ac_ct_CC='gcc'
am__EXEEXT_FALSE=''
am__EXEEXT_TRUE='#'
am__fastdepCC_FALSE='#'
am__fastdepCC_TRUE=''
am__include='include'
am__isrc=''
am__leading_dot='.'
am__nodep='_no'
am__quote=''
am__tar='$${TAR-tar} chof - "$$tardir"'
am__untar='$${TAR-tar} xf -'
bindir='${exec_prefix}/bin'
build_alias=''
datadir='${datarootdir}'
datarootdir='${prefix}/share'
docdir='${datarootdir}/doc/${PACKAGE_TARNAME}'
dvidir='${docdir}'
exec_prefix='${prefix}'
host_alias=''
htmldir='${docdir}'
includedir='${prefix}/include'
infodir='${datarootdir}/info'
install_sh='${SHELL} /home/mkotson/ddt/install-sh'
libdir='${exec_prefix}/lib'
libexecdir='${exec_prefix}/libexec'
localedir='${datarootdir}/locale'
localstatedir='${prefix}/var'
mandir='${datarootdir}/man'
mkdir_p='/bin/mkdir -p'
oldincludedir='/usr/include'
pdfdir='${docdir}'
prefix='/usr/local'
program_transform_name='s,x,x,'
psdir='${docdir}'
sbindir='${exec_prefix}/sbin'
sharedstatedir='${prefix}/com'
sysconfdir='${prefix}/etc'
target_alias=''

## ----------- ##
## confdefs.h. ##
## ----------- ##

/* confdefs.h */
#define PACKAGE_NAME "ddt"
#define PACKAGE_TARNAME "ddt"
#define PACKAGE_VERSION "0.1.5"
#define PACKAGE_STRING "ddt 0.1.5"
#define PACKAGE_BUGREPORT "mkotson@gmail.com"
#define PACKAGE_URL ""
#define PACKAGE "ddt"
#define VERSION "0.1.4"
#define HAVE_LIBNCURSES 1
#define HAVE_LIBATASMART 1
#define HAVE_LIBSTATGRAB 1
#define HAVE_LIBPTHREAD 1
#define STDC_HEADERS 1
#define HAVE_SYS_TYPES_H 1
#define HAVE_SYS_STAT_H 1
#define HAVE_STDLIB_H 1
#define HAVE_STRING_H 1
#define HAVE_MEMORY_H 1
#define HAVE_STRINGS_H 1
#define HAVE_INTTYPES_H 1
#define HAVE_STDINT_H 1
#define HAVE_UNISTD_H 1
#define HAVE_MNTENT_H 1
#define HAVE_STDLIB_H 1
#define HAVE_STRING_H 1
#define HAVE_SYS_VFS_H 1
#define HAVE_SYSLOG_H 1
#define HAVE_UNISTD_H 1
#define HAVE_STRUCT_STAT_ST_RDEV 1
#define HAVE_GETMNTENT 1
#define HAVE_STDLIB_H 1
#define HAVE_MALLOC 1
#define HAVE_GETCWD 1
#define HAVE_GETMNTENT 1
#define HAVE_PATHCONF 1
#define HAVE_STRRCHR 1

configure: exit 0
